Base path: E:/Applications/Unity/Editor/Data
Cmd: getPlatforms
Cmd: compileSnippet
  api=1 type=1 insize=7380 outsize=3936 kw=DIRECTIONAL SHADOWS_SCREEN LIGHTMAP_OFF DIRLIGHTMAP_OFF DYNAMICLIGHTMAP_OFF pd=UNITY_ENABLE_REFLECTION_BUFFERS UNITY_PBS_USE_BRDF1 UNITY_SPECCUBE_BOX_PROJECTION UNITY_SPECCUBE_BLENDING ok=1
Cmd: disassembleShader
  api=12 insize=3936 outsize=7165 ok=1
Cmd: compileSnippet
  api=4 type=0 insize=4284 outsize=1349 kw=DIRECTIONAL SHADOWS_OFF pd=UNITY_ENABLE_REFLECTION_BUFFERS UNITY_PBS_USE_BRDF1 UNITY_SPECCUBE_BOX_PROJECTION UNITY_SPECCUBE_BLENDING ok=1
Cmd: disassembleShader
  api=15 insize=1349 outsize=2478 ok=1
Cmd: compileSnippet
  api=1 type=0 insize=4284 outsize=592 kw=DIRECTIONAL_COOKIE SHADOWS_OFF pd=UNITY_ENABLE_REFLECTION_BUFFERS UNITY_PBS_USE_BRDF1 UNITY_SPECCUBE_BOX_PROJECTION UNITY_SPECCUBE_BLENDING ok=1
Cmd: disassembleShader
  api=10 insize=592 outsize=1008 ok=1
Cmd: compileSnippet
  api=4 type=0 insize=4284 outsize=1349 kw=DIRECTIONAL_COOKIE SHADOWS_OFF pd=UNITY_ENABLE_REFLECTION_BUFFERS UNITY_PBS_USE_BRDF1 UNITY_SPECCUBE_BOX_PROJECTION UNITY_SPECCUBE_BLENDING ok=1
Cmd: disassembleShader
  api=15 insize=1349 outsize=2478 ok=1
Cmd: compileSnippet
  api=1 type=0 insize=4284 outsize=792 kw=DIRECTIONAL_COOKIE SHADOWS_SCREEN pd=UNITY_ENABLE_REFLECTION_BUFFERS UNITY_PBS_USE_BRDF1 UNITY_SPECCUBE_BOX_PROJECTION UNITY_SPECCUBE_BLENDING ok=1
Cmd: disassembleShader
  api=10 insize=792 outsize=1337 ok=1
Cmd: compileSnippet
  api=4 type=0 insize=4284 outsize=1457 kw=POINT SHADOWS_CUBE pd=UNITY_ENABLE_REFLECTION_BUFFERS UNITY_PBS_USE_BRDF1 UNITY_SPECCUBE_BOX_PROJECTION UNITY_SPECCUBE_BLENDING ok=1
Cmd: disassembleShader
  api=15 insize=1457 outsize=2688 ok=1
Cmd: compileSnippet
  api=4 type=0 insize=4284 outsize=1457 kw=POINT SHADOWS_CUBE SHADOWS_SOFT pd=UNITY_ENABLE_REFLECTION_BUFFERS UNITY_PBS_USE_BRDF1 UNITY_SPECCUBE_BOX_PROJECTION UNITY_SPECCUBE_BLENDING ok=1
Cmd: disassembleShader
  api=15 insize=1457 outsize=2688 ok=1
Cmd: compileSnippet
  api=4 type=1 insize=4284 outsize=2877 kw=DIRECTIONAL SHADOWS_OFF pd=UNITY_ENABLE_REFLECTION_BUFFERS UNITY_PBS_USE_BRDF1 UNITY_SPECCUBE_BOX_PROJECTION UNITY_SPECCUBE_BLENDING ok=1
Cmd: disassembleShader
  api=17 insize=2877 outsize=3985 ok=1
Cmd: compileSnippet
  api=1 type=1 insize=4284 outsize=2384 kw=POINT_COOKIE SHADOWS_OFF pd=UNITY_ENABLE_REFLECTION_BUFFERS UNITY_PBS_USE_BRDF1 UNITY_SPECCUBE_BOX_PROJECTION UNITY_SPECCUBE_BLENDING ok=1
Cmd: disassembleShader
  api=12 insize=2384 outsize=4131 ok=1
Cmd: compileSnippet
  api=4 type=1 insize=4284 outsize=3709 kw=SPOT SHADOWS_DEPTH SHADOWS_NATIVE pd=UNITY_ENABLE_REFLECTION_BUFFERS UNITY_PBS_USE_BRDF1 UNITY_SPECCUBE_BOX_PROJECTION UNITY_SPECCUBE_BLENDING ok=1
Cmd: disassembleShader
  api=17 insize=3709 outsize=5257 ok=1
Cmd: compileSnippet
  api=1 type=1 insize=4284 outsize=2304 kw=DIRECTIONAL_COOKIE SHADOWS_SCREEN pd=UNITY_ENABLE_REFLECTION_BUFFERS UNITY_PBS_USE_BRDF1 UNITY_SPECCUBE_BOX_PROJECTION UNITY_SPECCUBE_BLENDING ok=1
Cmd: disassembleShader
  api=12 insize=2304 outsize=4052 ok=1
Cmd: compileSnippet
  api=1 type=1 insize=4284 outsize=2664 kw=POINT_COOKIE SHADOWS_CUBE pd=UNITY_ENABLE_REFLECTION_BUFFERS UNITY_PBS_USE_BRDF1 UNITY_SPECCUBE_BOX_PROJECTION UNITY_SPECCUBE_BLENDING ok=1
Cmd: disassembleShader
  api=12 insize=2664 outsize=4674 ok=1
Cmd: compileSnippet
  api=4 type=1 insize=4284 outsize=3901 kw=POINT SHADOWS_CUBE SHADOWS_SOFT pd=UNITY_ENABLE_REFLECTION_BUFFERS UNITY_PBS_USE_BRDF1 UNITY_SPECCUBE_BOX_PROJECTION UNITY_SPECCUBE_BLENDING ok=1
Cmd: disassembleShader
  api=17 insize=3901 outsize=5547 ok=1
Cmd: disassembleShader
  api=15 insize=1721 outsize=3034 ok=1
Cmd: disassembleShader
  api=17 insize=1437 outsize=2812 ok=1
Cmd: disassembleShader
  api=10 insize=1068 outsize=1791 ok=1
Cmd: disassembleShader
  api=10 insize=1716 outsize=2847 ok=1
Cmd: disassembleShader
  api=15 insize=2833 outsize=4613 ok=1
Cmd: disassembleShader
  api=12 insize=3936 outsize=7165 ok=1
Cmd: disassembleShader
  api=10 insize=592 outsize=1008 ok=1
Cmd: disassembleShader
  api=10 insize=592 outsize=1008 ok=1
Cmd: disassembleShader
  api=15 insize=1349 outsize=2478 ok=1
Cmd: disassembleShader
  api=15 insize=1705 outsize=3004 ok=1
Cmd: disassembleShader
  api=15 insize=1541 outsize=2809 ok=1
Cmd: disassembleShader
  api=10 insize=672 outsize=1152 ok=1
Cmd: disassembleShader
  api=15 insize=1705 outsize=3004 ok=1
Cmd: disassembleShader
  api=15 insize=1457 outsize=2688 ok=1
Cmd: disassembleShader
  api=12 insize=2012 outsize=3580 ok=1
Cmd: disassembleShader
  api=17 insize=3453 outsize=4815 ok=1
Cmd: disassembleShader
  api=17 insize=3109 outsize=4329 ok=1
Cmd: disassembleShader
  api=17 insize=3029 outsize=4289 ok=1
Cmd: disassembleShader
  api=17 insize=3529 outsize=4961 ok=1
Cmd: disassembleShader
  api=17 insize=4001 outsize=5649 ok=1
Cmd: disassembleShader
  api=15 insize=1721 outsize=3034 ok=1
Cmd: disassembleShader
  api=17 insize=1437 outsize=2812 ok=1
